\BOOKMARK [0][-]{chapter.1}{\376\377\000D\000e\000f\000i\000n\000i\000z\000i\000o\000n\000e\000\040\000e\000d\000\040\000a\000n\000a\000l\000i\000s\000i\000\040\000d\000e\000l\000\040\000\040\000p\000r\000o\000b\000l\000e\000m\000a}{}% 1
\BOOKMARK [1][-]{subsection.1.0.1}{\376\377\000A\000n\000a\000l\000i\000s\000i\000\040\000a\000m\000b\000i\000e\000n\000t\000e}{chapter.1}% 2
\BOOKMARK [2][-]{subsection.1.0.2}{\376\377\000C\000a\000r\000a\000t\000t\000e\000r\000i\000s\000t\000i\000c\000h\000e\000\040\000d\000e\000l\000\040\000p\000r\000o\000b\000l\000e\000m\000a}{subsection.1.0.1}% 3
\BOOKMARK [0][-]{chapter.2}{\376\377\000D\000e\000f\000i\000n\000i\000z\000i\000o\000n\000e\000\040\000d\000e\000l\000l\000'\000a\000g\000o\000r\000i\000t\000m\000o}{}% 4
\BOOKMARK [1][-]{subsection.2.0.1}{\376\377\000S\000t\000r\000a\000t\000e\000g\000i\000a\000\040\000I}{chapter.2}% 5
\BOOKMARK [2][-]{subsection.2.0.2}{\376\377\000S\000t\000r\000a\000t\000e\000g\000i\000a\000\040\000I\000I}{subsection.2.0.1}% 6
\BOOKMARK [2][-]{subsection.2.0.3}{\376\377\000S\000t\000r\000a\000t\000e\000g\000i\000a\000\040\000I\000I\000I}{subsection.2.0.1}% 7
\BOOKMARK [0][-]{chapter.3}{\376\377\000I\000n\000p\000u\000t\000\040\000e\000\040\000O\000u\000t\000p\000u\000t}{}% 8
\BOOKMARK [0][-]{chapter.4}{\376\377\000I\000n\000d\000i\000c\000a\000t\000o\000r\000i\000\040\000d\000i\000\040\000e\000r\000r\000o\000r\000e}{}% 9
\BOOKMARK [0][-]{chapter.5}{\376\377\000S\000u\000b\000r\000o\000u\000t\000i\000n\000e}{}% 10
\BOOKMARK [1][-]{subsection.5.0.1}{\376\377\000L\000e\000t\000t\000u\000r\000a\000\040\000d\000e\000g\000l\000i\000\040\000i\000n\000p\000u\000t}{chapter.5}% 11
\BOOKMARK [2][-]{subsection.5.0.2}{\376\377\000D\000e\000c\000o\000d\000i\000f\000i\000c\000a\000\040\000d\000e\000l\000l\000'\000i\000n\000p\000u\000t}{subsection.5.0.1}% 12
\BOOKMARK [2][-]{subsection.5.0.3}{\376\377\000D\000i\000s\000t\000r\000i\000b\000u\000z\000i\000o\000n\000e\000\040\000d\000e\000i\000\040\000d\000a\000t\000i}{subsection.5.0.1}% 13
\BOOKMARK [2][-]{subsection.5.0.4}{\376\377\000L\000e\000t\000t\000u\000r\000a\000\040\000d\000e\000l\000l\000e\000\040\000p\000e\000r\000f\000o\000r\000m\000a\000n\000c\000e}{subsection.5.0.1}% 14
\BOOKMARK [2][-]{subsection.5.0.5}{\376\377\000S\000t\000r\000a\000t\000e\000g\000i\000e}{subsection.5.0.1}% 15
\BOOKMARK [0][-]{chapter.6}{\376\377\000A\000n\000a\000l\000i\000s\000i\000\040\000d\000e\000i\000\040\000t\000e\000m\000p\000i}{}% 16
\BOOKMARK [1][-]{subsection.6.0.1}{\376\377\000A\000n\000a\000l\000i\000s\000i\000\040\000e\000f\000f\000i\000c\000i\000e\000n\000z\000a\000\040\000s\000u\000\040\0001\0000\0000\000.\0000\0000\0000\000\040\000e\000l\000e\000m\000e\000n\000t\000i}{chapter.6}% 17
\BOOKMARK [2][-]{subsection.6.0.2}{\376\377\000A\000n\000a\000l\000i\000s\000i\000\040\000t\000e\000m\000p\000i\000\040\000s\000u\000\040\0001\0000\000.\0000\0000\0000\000.\0000\0000\0000\000\040\000e\000l\000e\000m\000e\000n\000t\000i}{subsection.6.0.1}% 18
\BOOKMARK [2][-]{subsection.6.0.3}{\376\377\000A\000n\000a\000l\000i\000s\000i\000\040\000s\000p\000e\000e\000d\000-\000u\000p\000\040\000s\000u\000\040\0001\000.\0000\0000\0000\000\040\000e\000l\000e\000m\000e\000n\000t\000i}{subsection.6.0.1}% 19
\BOOKMARK [0][-]{chapter.7}{\376\377\000E\000s\000e\000m\000p\000i\000\040\000d\000'\000u\000s\000o}{}% 20
\BOOKMARK [0][-]{chapter.8}{\376\377\000A\000p\000p\000e\000n\000d\000i\000c\000e}{}% 21
