wn273.scope.unina.it
wn274.scope.unina.it
wn275.scope.unina.it
wn276.scope.unina.it
wn277.scope.unina.it
wn278.scope.unina.it
wn279.scope.unina.it
wn280.scope.unina.it
---------------------------------------------
This job i allocated on 8 cpu(s)
Job is running n node(s) :
---------------------------------------------
PBS: qsub is running on ui-studenti.scope.unina.it
PBS: originating queue is studenti
PBS: executing queue is studenti
PBS: working directory is /homes/DMA/PDC/2021/SCHLSN98V/terzo_elaborato
PBS: execution node is PBS_BATCH
PBS: job identifier is 4006122.torque02.scope.unina.it
PBS: job name is terzo_elaborato
PBS: node file is /var/spool/pbs/aux//4006122.torque02.scope.unina.it
PBS: current home directory is /homes/DMA/PDC/2021/SCHLSN98V
PBS: PATH = /usr/lib64/openmpi/1.2.7-gcc/bin:/usr/kerberos/bin:/opt/exp_soft/unina.it/intel/composer_xe_2013_sp1.3.174/bin/intel64:/opt/exp_soft/unina.it/intel/composer_xe_2013_sp1.3.174/mpirt/bin/intel64:/opt/exp_soft/unina.it/intel/composer_xe_2013_sp1.3.174/bin/intel64:/opt/exp_soft/unina.it/intel/composer_xe_2013_sp1.3.174/bin/intel64_mic:/opt/exp_soft/unina.it/intel/composer_xe_2013_sp1.3.174/debugger/gui/intel64:/opt/d-cache/srm/bin:/opt/d-cache/dcap/bin:/opt/edg/bin:/opt/glite/bin:/opt/globus/bin:/opt/lcg/bin:/usr/local/bin:/bin:/usr/bin:/opt/exp_soft/HADOOP/hadoop-1.0.3/bin:/opt/exp_soft/unina.it/intel/composerxe/bin/intel64/:/opt/exp_soft/unina.it/MPJExpress/mpj-v0_38/bin:/homes/DMA/PDC/2021/SCHLSN98V/bin
-----------------------------------------------
Eseguo: /usr/lib64/openmpi/1.4-gcc/bin/mpicc -o /homes/DMA/PDC/2021/SCHLSN98V/terzo_elaborato/terzo_elaborato /homes/DMA/PDC/2021/SCHLSN98V/terzo_elaborato/terzo_elaborato.c

Maximum time : 13.145273
Maximum time : 3.486600
Maximum time : 1.709943
Maximum time : 2.049647
Maximum time : 13.197992
Maximum time : 3.420317
Maximum time : 2.164640
Maximum time : 3.039892
Maximum time : 39.845088
Maximum time : 9.877586
Maximum time : 6.429235
Maximum time : 8.668707
